<?xml version="1.0" encoding="UTF-8"?>
<testng-results skipped="0" failed="0" ignored="0" total="2" passed="2">
  <reporter-output>
  </reporter-output>
  <suite name="MyTestSuite" duration-ms="25" started-at="2019-02-05T05:53:30Z" finished-at="2019-02-05T05:53:30Z">
    <groups>
    </groups>
    <test name="MyTests" duration-ms="25" started-at="2019-02-05T05:53:30Z" finished-at="2019-02-05T05:53:30Z">
      <class name="Com.TestNG.Listeners.Seleni_Test_Listeners">
        <test-method status="PASS" signature="login_1()[pri:0, instance:Com.TestNG.Listeners.Seleni_Test_Listeners@5ce81285]" name="login_1" duration-ms="7" started-at="2019-02-05T05:53:30Z" finished-at="2019-02-05T05:53:30Z">
          <reporter-output>
          </reporter-output>
        </test-method> <!-- login_1 -->
        <test-method status="PASS" signature="login_2()[pri:0, instance:Com.TestNG.Listeners.Seleni_Test_Listeners@5ce81285]" name="login_2" duration-ms="1" started-at="2019-02-05T05:53:30Z" finished-at="2019-02-05T05:53:30Z">
          <reporter-output>
          </reporter-output>
        </test-method> <!-- login_2 -->
      </class> <!-- Com.TestNG.Listeners.Seleni_Test_Listeners -->
    </test> <!-- MyTests -->
  </suite> <!-- MyTestSuite -->
</testng-results>
