<?xml version="1.0" encoding="UTF-8"?>
<!-- Generated by org.testng.reporters.JUnitXMLReporter -->
<testsuite hostname="590Bits-215" ignored="0" name="ietestcases" tests="1" failures="1" timestamp="03 Oct 2018 13:05:12 GMT" time="0.027" errors="0">
  <testcase name="loginverificationtest" time="0.001" classname="Cross_Browsers.loginverification">
    <failure type="java.lang.NullPointerException">
      <![CDATA[java.lang.NullPointerException
at Cross_Browsers.loginverification.loginverificationtest(loginverification.java:31)
... Removed 25 stack frames]]>
    </failure>
  </testcase> <!-- loginverificationtest -->
</testsuite> <!-- ietestcases -->
