<?xml version="1.0" encoding="UTF-8"?>
<!-- Generated by org.testng.reporters.JUnitXMLReporter -->
<testsuite hostname="Bsoft-66" ignored="0" name="My_Test" tests="2" failures="1" timestamp="04 Feb 2019 11:48:50 GMT" time="0.041" errors="0">
  <testcase name="login_1" time="0.008" classname="Com.TestNG.Listeners.Seleni_Test_Listeners"/>
  <testcase name="login_2" time="0.008" classname="Com.TestNG.Listeners.Seleni_Test_Listeners">
    <failure type="java.lang.AssertionError" message="expected [Anbazhagan@1525] but found [Anbazhagan]">
      <![CDATA[java.lang.AssertionError: expected [Anbazhagan@1525] but found [Anbazhagan]
at Com.TestNG.Listeners.Seleni_Test_Listeners.login_2(Seleni_Test_Listeners.java:29)
... Removed 31 stack frames]]>
    </failure>
  </testcase> <!-- login_2 -->
</testsuite> <!-- My_Test -->
