<?xml version="1.0" encoding="UTF-8"?>
<!-- Generated by org.testng.reporters.JUnitXMLReporter -->
<testsuite hostname="Bsoft-66" ignored="0" name="operatestcases" tests="1" failures="1" timestamp="03 Jan 2019 10:49:11 GMT" time="0.008" errors="0">
  <testcase name="loginverificationtest" time="0.004" classname="Cross_Browsers.loginverification">
    <failure type="java.lang.IllegalStateException" message="The path to the driver executable must be set by the webdriver.opera.driver system property; for more information, see https://github.com/operasoftware/operachromiumdriver. The latest version can be downloaded from https://github.com/operasoftware/operachromiumdriver/releases">
      <![CDATA[java.lang.IllegalStateException: The path to the driver executable must be set by the webdriver.opera.driver system property; for more information, see https://github.com/operasoftware/operachromiumdriver. The latest version can be downloaded from https://github.com/operasoftware/operachromiumdriver/releases
at com.google.common.base.Preconditions.checkState(Preconditions.java:847)
at org.openqa.selenium.remote.service.DriverService.findExecutable(DriverService.java:125)
at org.openqa.selenium.opera.OperaDriverService.access$000(OperaDriverService.java:35)
at org.openqa.selenium.opera.OperaDriverService$Builder.findDefaultExecutable(OperaDriverService.java:141)
at org.openqa.selenium.remote.service.DriverService$Builder.build(DriverService.java:346)
at org.openqa.selenium.opera.OperaDriverService.createDefaultService(OperaDriverService.java:85)
at org.openqa.selenium.opera.OperaDriver.<init>(OperaDriver.java:115)
at Cross_Browsers.loginverification.loginverificationtest(loginverification.java:32)
... Removed 25 stack frames]]>
    </failure>
  </testcase> <!-- loginverificationtest -->
</testsuite> <!-- operatestcases -->
